[debug] [2025-02-24T00:08:57.584Z] ----------------------------------------------------------------------
[debug] [2025-02-24T00:08:57.587Z] Command:       C:\Program Files\nodejs\node.exe C:\Users\kelvi\AppData\Roaming\npm\node_modules\firebase-tools\lib\bin\firebase.js init hosting
[debug] [2025-02-24T00:08:57.588Z] CLI Version:   13.31.2
[debug] [2025-02-24T00:08:57.588Z] Platform:      win32
[debug] [2025-02-24T00:08:57.588Z] Node Version:  v20.17.0
[debug] [2025-02-24T00:08:57.588Z] Time:          Sun Feb 23 2025 19:08:57 GMT-0500 (Eastern Standard Time)
[debug] [2025-02-24T00:08:57.589Z] ----------------------------------------------------------------------
[debug] 
[debug] [2025-02-24T00:08:57.592Z] >>> [apiv2][query] GET https://firebase-public.firebaseio.com/cli.json [none]
[debug] [2025-02-24T00:08:57.646Z] > command requires scopes: ["email","openid","https://www.googleapis.com/auth/cloudplatformprojects.readonly","https://www.googleapis.com/auth/firebase","https://www.googleapis.com/auth/cloud-platform"]
[debug] [2025-02-24T00:08:57.646Z] > authorizing via signed-in user (kelvin.kroc@gmail.com)
[info] 
     ######## #### ########  ######## ########     ###     ######  ########
     ##        ##  ##     ## ##       ##     ##  ##   ##  ##       ##
     ######    ##  ########  ######   ########  #########  ######  ######
     ##        ##  ##    ##  ##       ##     ## ##     ##       ## ##
     ##       #### ##     ## ######## ########  ##     ##  ######  ########

You're about to initialize a Firebase project in this directory:

  C:\Users\kelvi\webtrendsapp

[debug] [2025-02-24T00:08:57.821Z] <<< [apiv2][status] GET https://firebase-public.firebaseio.com/cli.json 200
[debug] [2025-02-24T00:08:57.821Z] <<< [apiv2][body] GET https://firebase-public.firebaseio.com/cli.json {"cloudBuildErrorAfter":1594252800000,"cloudBuildWarnAfter":1590019200000,"defaultNode10After":1594252800000,"minVersion":"3.0.5","node8DeploysDisabledAfter":1613390400000,"node8RuntimeDisabledAfter":1615809600000,"node8WarnAfter":1600128000000}
[info] 
=== Project Setup
[info] 
[info] First, let's associate this project directory with a Firebase project.
[info] You can create multiple project aliases by running firebase use --add, 
[info] but for now we'll just set up a default project.
[info] 
[debug] [2025-02-24T00:09:03.985Z] Checked if tokens are valid: false, expires at: 1739682398765
[debug] [2025-02-24T00:09:03.985Z] Checked if tokens are valid: false, expires at: 1739682398765
[debug] [2025-02-24T00:09:03.986Z] > refreshing access token with scopes: []
[debug] [2025-02-24T00:09:03.987Z] >>> [apiv2][query] POST https://www.googleapis.com/oauth2/v3/token [none]
[debug] [2025-02-24T00:09:03.987Z] >>> [apiv2][body] POST https://www.googleapis.com/oauth2/v3/token [omitted]
[debug] [2025-02-24T00:09:04.170Z] <<< [apiv2][status] POST https://www.googleapis.com/oauth2/v3/token 200
[debug] [2025-02-24T00:09:04.171Z] <<< [apiv2][body] POST https://www.googleapis.com/oauth2/v3/token [omitted]
[debug] [2025-02-24T00:09:04.181Z] >>> [apiv2][query] GET https://firebase.googleapis.com/v1beta1/projects pageSize=100
[debug] [2025-02-24T00:09:04.594Z] <<< [apiv2][status] GET https://firebase.googleapis.com/v1beta1/projects 200
[debug] [2025-02-24T00:09:04.594Z] <<< [apiv2][body] GET https://firebase.googleapis.com/v1beta1/projects [omitted]
[info] i  Using project habit-tracker-519c9 (habit-tracker) 
[info] 
=== Hosting Setup
[debug] [2025-02-24T00:09:07.797Z] Checked if tokens are valid: true, expires at: 1740359343171
[debug] [2025-02-24T00:09:07.797Z] Checked if tokens are valid: true, expires at: 1740359343171
[debug] [2025-02-24T00:09:07.798Z] >>> [apiv2][query] GET https://firebase.googleapis.com/v1beta1/projects/habit-tracker-519c9 [none]
[debug] [2025-02-24T00:09:08.128Z] <<< [apiv2][status] GET https://firebase.googleapis.com/v1beta1/projects/habit-tracker-519c9 200
[debug] [2025-02-24T00:09:08.128Z] <<< [apiv2][body] GET https://firebase.googleapis.com/v1beta1/projects/habit-tracker-519c9 {"projectId":"habit-tracker-519c9","projectNumber":"513570413784","displayName":"habit-tracker","name":"projects/habit-tracker-519c9","resources":{"hostingSite":"habit-tracker-519c9","realtimeDatabaseInstance":"habit-tracker-519c9-default-rtdb"},"state":"ACTIVE","etag":"1_ca1a86ba-58ff-479b-bca2-c18be29145f3"}
[info] 
[info] Your public directory is the folder (relative to your project directory) that
[info] will contain Hosting assets to be uploaded with firebase deploy. If you
[info] have a build process for your assets, use your build's output directory.
[info] 
[debug] [2025-02-24T00:09:19.317Z] >>> [apiv2][query] GET https://www.gstatic.com/firebasejs/releases.json [none]
[debug] [2025-02-24T00:09:19.414Z] <<< [apiv2][status] GET https://www.gstatic.com/firebasejs/releases.json 200
[debug] [2025-02-24T00:09:19.415Z] <<< [apiv2][body] GET https://www.gstatic.com/firebasejs/releases.json {"current":{"version":"11.3.1","browserURL":"https://www.gstatic.com/firebasejs/11.3.1/firebase.js","packageURL":"https://www.gstatic.com/firebasejs/11.3.1/firebase.tgz"},"live":{"version":"11.3","browserURL":"https://www.gstatic.com/firebasejs/live/11.3/firebase.js","packageURL":"https://www.gstatic.com/firebasejs/live/11.3/firebase.tgz"},"components":{"analytics":"https://www.gstatic.com/firebasejs/11.3.1/firebase-analytics.js","app":"https://www.gstatic.com/firebasejs/11.3.1/firebase-app.js","app-check":"https://www.gstatic.com/firebasejs/11.3.1/firebase-app-check.js","auth":"https://www.gstatic.com/firebasejs/11.3.1/firebase-auth.js","auth/cordova":"https://www.gstatic.com/firebasejs/11.3.1/firebase-auth/cordova.js","auth/web-extension":"https://www.gstatic.com/firebasejs/11.3.1/firebase-auth/web-extension.js","functions":"https://www.gstatic.com/firebasejs/11.3.1/firebase-functions.js","firestore":"https://www.gstatic.com/firebasejs/11.3.1/firebase-firestore.js","firestore/lite":"https://www.gstatic.com/firebasejs/11.3.1/firebase-firestore/lite.js","installations":"https://www.gstatic.com/firebasejs/11.3.1/firebase-installations.js","storage":"https://www.gstatic.com/firebasejs/11.3.1/firebase-storage.js","performance":"https://www.gstatic.com/firebasejs/11.3.1/firebase-performance.js","remote-config":"https://www.gstatic.com/firebasejs/11.3.1/firebase-remote-config.js","messaging":"https://www.gstatic.com/firebasejs/11.3.1/firebase-messaging.js","messaging/sw":"https://www.gstatic.com/firebasejs/11.3.1/firebase-messaging/sw.js","database":"https://www.gstatic.com/firebasejs/11.3.1/firebase-database.js","vertexai":"https://www.gstatic.com/firebasejs/11.3.1/firebase-vertexai.js","data-connect":"https://www.gstatic.com/firebasejs/11.3.1/firebase-data-connect.js","firestore.memory":"https://www.gstatic.com/firebasejs/11.3.1/firebase-firestore.memory.js"}}
[info] +  Wrote public/index.html 
[info] 
[info] i  Detected a .git folder at C:\Users\kelvi\webtrendsapp 
[info] i  Authorizing with GitHub to upload your service account to a GitHub repository's secrets store. 
[info] 
[info] Visit this URL on this device to log in:
[info] https://github.com/login/oauth/authorize?client_id=89cf50f02ac6aaed3484&state=883421995&redirect_uri=http%3A%2F%2Flocalhost%3A9005&scope=read%3Auser%20repo%20public_repo
[info] 
[info] Waiting for authentication...
[debug] [2025-02-24T00:09:20.077Z] >>> [apiv2][query] POST https://github.com/login/oauth/access_token [none]
[debug] [2025-02-24T00:09:20.077Z] >>> [apiv2][body] POST https://github.com/login/oauth/access_token [stream]
[debug] [2025-02-24T00:09:20.294Z] <<< [apiv2][status] POST https://github.com/login/oauth/access_token 200
[debug] [2025-02-24T00:09:20.294Z] <<< [apiv2][body] POST https://github.com/login/oauth/access_token {"access_token":"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","token_type":"bearer","scope":"read:user,repo"}
[debug] [2025-02-24T00:09:20.300Z] >>> [apiv2][query] GET https://api.github.com/user [none]
[debug] [2025-02-24T00:09:20.545Z] <<< [apiv2][status] GET https://api.github.com/user 200
[debug] [2025-02-24T00:09:20.545Z] <<< [apiv2][body] GET https://api.github.com/user {"login":"Carvalho-Kelvin","id":113596426,"node_id":"U_kgDOBsVYCg","avatar_url":"https://avatars.githubusercontent.com/u/113596426?v=4","gravatar_id":"","url":"https://api.github.com/users/Carvalho-Kelvin","html_url":"https://github.com/Carvalho-Kelvin","followers_url":"https://api.github.com/users/Carvalho-Kelvin/followers","following_url":"https://api.github.com/users/Carvalho-Kelvin/following{/other_user}","gists_url":"https://api.github.com/users/Carvalho-Kelvin/gists{/gist_id}","starred_url":"https://api.github.com/users/Carvalho-Kelvin/starred{/owner}{/repo}","subscriptions_url":"https://api.github.com/users/Carvalho-Kelvin/subscriptions","organizations_url":"https://api.github.com/users/Carvalho-Kelvin/orgs","repos_url":"https://api.github.com/users/Carvalho-Kelvin/repos","events_url":"https://api.github.com/users/Carvalho-Kelvin/events{/privacy}","received_events_url":"https://api.github.com/users/Carvalho-Kelvin/received_events","type":"User","user_view_type":"private","site_admin":false,"name":null,"company":null,"blog":"","location":null,"email":null,"hireable":null,"bio":null,"twitter_username":null,"notification_email":null,"public_repos":6,"public_gists":0,"followers":3,"following":2,"created_at":"2022-09-15T10:14:59Z","updated_at":"2025-02-16T04:12:23Z","private_gists":0,"total_private_repos":0,"owned_private_repos":0,"disk_usage":16557,"collaborators":0,"two_factor_authentication":false,"plan":{"name":"free","space":976562499,"collaborators":0,"private_repos":10000}}
[info] 
[info] +  Success! Logged into GitHub as Carvalho-Kelvin 
[info] 
